<?xml version="1.0" encoding="UTF-8"?>
<!-- Generated by org.testng.reporters.JUnitReportReporter -->
<testsuite skipped="0" hostname="DESKTOP-5U31DMC" name="am.sovats.pages.login.test.SovatsLoginPageTest" tests="1" failures="0" timestamp="2020-03-17T23:27:43 AMT" time="8.342" errors="0">
  <testcase name="LoginTestPositive" time="8.342" classname="am.sovats.pages.login.test.SovatsLoginPageTest"/>
</testsuite> <!-- am.sovats.pages.login.test.SovatsLoginPageTest -->
